<?xml version="1.0" encoding="UTF-8"?>
<!-- Generated by org.testng.reporters.JUnitReportReporter -->
<testsuite hostname="DESKTOP-I2ELK2K" failures="0" tests="3" name="testng.DataProviderTest" time="6.627" errors="0" timestamp="2025-04-06T15:51:06 IST" skipped="0">
  <testcase classname="testng.DataProviderTest" name="f" time="2.215"/>
  <system-out/>
  <testcase classname="testng.DataProviderTest" name="f" time="2.226"/>
  <system-out/>
  <testcase classname="testng.DataProviderTest" name="f" time="2.186"/>
  <system-out/>
</testsuite> <!-- testng.DataProviderTest -->
