<?xml version="1.0" encoding="UTF-8"?>
<!-- Generated by org.testng.reporters.JUnitReportReporter -->
<testsuite hostname="DESKTOP-I2ELK2K" failures="0" tests="2" name="testng.Depend" time="0.018" errors="0" timestamp="2025-04-06T15:58:13 IST" skipped="0">
  <testcase classname="testng.Depend" name="b" time="0.015"/>
  <system-out/>
  <testcase classname="testng.Depend" name="a" time="0.003"/>
  <system-out/>
</testsuite> <!-- testng.Depend -->
