<?xml version="1.0" encoding="UTF-8"?>
<!-- Generated by org.testng.reporters.JUnitReportReporter -->
<testsuite hostname="DESKTOP-I2ELK2K" failures="0" tests="2" name="testng.SampleTestNGTest" time="0.016" errors="0" timestamp="2025-03-08T19:53:40 IST" skipped="0">
  <testcase classname="testng.SampleTestNGTest" name="nine" time="0.013"/>
  <system-out/>
  <testcase classname="testng.SampleTestNGTest" name="ten" time="0.003"/>
  <system-out/>
</testsuite> <!-- testng.SampleTestNGTest -->
